{"numTotalTestSuites":2,"numPassedTestSuites":2,"numFailedTestSuites":0,"numPendingTestSuites":0,"numTotalTests":1,"numPassedTests":1,"numFailedTests":0,"numPendingTests":0,"numTodoTests":0,"snapshot":{"added":0,"failure":false,"filesAdded":0,"filesRemoved":0,"filesRemovedList":[],"filesUnmatched":0,"filesUpdated":0,"matched":0,"total":0,"unchecked":0,"uncheckedKeysByFile":[],"unmatched":0,"updated":0,"didUpdate":false},"startTime":1773473715663,"success":true,"testResults":[{"assertionResults":[{"ancestorTitles":["projectStore"],"fullName":"projectStore adds a project and increments profiling runs","status":"passed","title":"adds a project and increments profiling runs","duration":1.0898339999999962,"failureMessages":[],"meta":{}}],"startTime":1773473716068,"endTime":1773473716069.0898,"status":"passed","message":"","name":"/Users/manan/dust-hackdata/frontend/src/lib/stores/projects.test.ts"}]}